<?xml version="1.0" encoding="UTF-8"?>
<!-- Generated by org.testng.reporters.JUnitReportReporter -->
<testsuite hostname="DESKTOP-I0BIVMT" failures="0" tests="3" name="pageTestCases.PasswordLoginPageTest" time="29.826" errors="0" timestamp="2022-10-31T23:21:46 EDT" skipped="0">
  <testcase classname="pageTestCases.PasswordLoginPageTest" name="verifyPasswordPageTitleTest" time="9.369"/>
  <system-out/>
  <testcase classname="pageTestCases.PasswordLoginPageTest" name="validateUseridTest" time="11.039"/>
  <system-out/>
  <testcase classname="pageTestCases.PasswordLoginPageTest" name="signinWithPasswordTest" time="9.418"/>
  <system-out/>
</testsuite> <!-- pageTestCases.PasswordLoginPageTest -->
