<?xml version="1.0" encoding="UTF-8"?>
<!-- Generated by org.testng.reporters.JUnitReportReporter -->
<testsuite hostname="DESKTOP-I0BIVMT" failures="0" tests="2" name="pageTestCases.HomePageTest" time="48.880" errors="0" timestamp="2022-11-03T08:33:21 EDT" skipped="0">
  <testcase classname="pageTestCases.HomePageTest" name="validateUserProfileTest" time="38.326"/>
  <system-out/>
  <testcase classname="pageTestCases.HomePageTest" name="validateLogoImageTest" time="10.554"/>
  <system-out/>
</testsuite> <!-- pageTestCases.HomePageTest -->
