<?xml version="1.0" encoding="UTF-8"?>
<!-- Generated by org.testng.reporters.JUnitReportReporter -->
<testsuite hostname="DESKTOP-I0BIVMT" failures="0" tests="3" name="pageTestCases.LoginPageTest" time="32.904" errors="0" timestamp="2022-10-31T16:02:30 EDT" skipped="0">
  <testcase classname="pageTestCases.LoginPageTest" name="loginPageTitlePageTest" time="10.651"/>
  <system-out/>
  <testcase classname="pageTestCases.LoginPageTest" name="EbayLogoImageTest" time="10.437"/>
  <system-out/>
  <testcase classname="pageTestCases.LoginPageTest" name="loginTest" time="11.816"/>
  <system-out/>
</testsuite> <!-- pageTestCases.LoginPageTest -->
